#-----------------------------------------------------------
# Webtalk v2017.2 (64-bit)
# SW Build 1909853 on Thu Jun 15 18:39:10 MDT 2017
# 
# Start of session at: Tue Nov 14 15:58:28 2017
# Process ID: 129925
# Current directory: /home/rodolfo/workspaces/xsdk_tsp/webtalk
# Command line: wbtcv -mode batch -source sdk_webtalk.tcl
# Log file: /home/rodolfo/workspaces/xsdk_tsp/webtalk/webtalk.log
# Journal file: /home/rodolfo/workspaces/xsdk_tsp/webtalk/webtalk.jou
#-----------------------------------------------------------
source sdk_webtalk.tcl
# webtalk_init -webtalk_dir /home/rodolfo/workspaces/xsdk_tsp/webtalk
# webtalk_register_client -client project
# webtalk_add_data -client project -key date_generated -value "2017-11-14 15:58:28" -context "software_version_and_target_device"
# webtalk_add_data -client project -key product_version -value "SDK v2017.2" -context "software_version_and_target_device"
# webtalk_add_data -client project -key build_version -value "2017.2" -context "software_version_and_target_device"
# webtalk_add_data -client project -key os_platform -value "amd64" -context "software_version_and_target_device"
# webtalk_add_data -client project -key registration_id -value "" -context "software_version_and_target_device"
# webtalk_add_data -client project -key tool_flow -value "SDK" -context "software_version_and_target_device"
# webtalk_add_data -client project -key beta -value "false" -context "software_version_and_target_device"
# webtalk_add_data -client project -key route_design -value "NA" -context "software_version_and_target_device"
# webtalk_add_data -client project -key target_family -value "NA" -context "software_version_and_target_device"
# webtalk_add_data -client project -key target_device -value "NA" -context "software_version_and_target_device"
# webtalk_add_data -client project -key target_package -value "NA" -context "software_version_and_target_device"
# webtalk_add_data -client project -key target_speed -value "NA" -context "software_version_and_target_device"
# webtalk_add_data -client project -key random_id -value "a8r7m1sv5vhs4bmser12reuk3f" -context "software_version_and_target_device"
# webtalk_add_data -client project -key project_id -value "2017.2_4" -context "software_version_and_target_device"
# webtalk_add_data -client project -key project_iteration -value "4" -context "software_version_and_target_device"
# webtalk_add_data -client project -key os_name -value "Ubuntu" -context "user_environment"
# webtalk_add_data -client project -key os_release -value "Ubuntu 14.04.4 LTS" -context "user_environment"
# webtalk_add_data -client project -key cpu_name -value "Intel(R) Xeon(R) CPU E5-2609 v3 @ 1.90GHz" -context "user_environment"
# webtalk_add_data -client project -key cpu_speed -value "1270.179 MHz" -context "user_environment"
# webtalk_add_data -client project -key total_processors -value "2" -context "user_environment"
# webtalk_add_data -client project -key system_ram -value "134,000 GB" -context "user_environment"
# webtalk_register_client -client sdk
# webtalk_add_data -client sdk -key uid -value "1510678462000" -context "sdk\\\\hardware/1510678462000"
# webtalk_add_data -client sdk -key isZynq -value "true" -context "sdk\\\\hardware/1510678462000"
# webtalk_add_data -client sdk -key isZynqMP -value "false" -context "sdk\\\\hardware/1510678462000"
# webtalk_add_data -client sdk -key Processors -value "2" -context "sdk\\\\hardware/1510678462000"
# webtalk_add_data -client sdk -key VivadoVersion -value "2017.2" -context "sdk\\\\hardware/1510678462000"
# webtalk_add_data -client sdk -key Arch -value "zynq" -context "sdk\\\\hardware/1510678462000"
# webtalk_add_data -client sdk -key Device -value "7z020" -context "sdk\\\\hardware/1510678462000"
# webtalk_add_data -client sdk -key IsHandoff -value "true" -context "sdk\\\\hardware/1510678462000"
# webtalk_add_data -client sdk -key os -value "NA" -context "sdk\\\\hardware/1510678462000"
# webtalk_add_data -client sdk -key apptemplate -value "NA" -context "sdk\\\\hardware/1510678462000"
# webtalk_add_data -client sdk -key RecordType -value "HWCreation" -context "sdk\\\\hardware/1510678462000"
# webtalk_add_data -client sdk -key uid -value "1510678480000" -context "sdk\\\\bsp/1510678480000"
# webtalk_add_data -client sdk -key hwid -value "1510678462000" -context "sdk\\\\bsp/1510678480000"
# webtalk_add_data -client sdk -key os -value "standalone" -context "sdk\\\\bsp/1510678480000"
# webtalk_add_data -client sdk -key apptemplate -value "hello_world" -context "sdk\\\\bsp/1510678480000"
# webtalk_add_data -client sdk -key RecordType -value "BSPCreation" -context "sdk\\\\bsp/1510678480000"
# webtalk_add_data -client sdk -key uid -value "1510678481000" -context "sdk\\\\application/1510678481000"
# webtalk_add_data -client sdk -key hwid -value "1510678462000" -context "sdk\\\\application/1510678481000"
# webtalk_add_data -client sdk -key bspid -value "1510678480000" -context "sdk\\\\application/1510678481000"
# webtalk_add_data -client sdk -key newbsp -value "true" -context "sdk\\\\application/1510678481000"
# webtalk_add_data -client sdk -key os -value "standalone" -context "sdk\\\\application/1510678481000"
# webtalk_add_data -client sdk -key apptemplate -value "hello_world" -context "sdk\\\\application/1510678481000"
# webtalk_add_data -client sdk -key RecordType -value "APPCreation" -context "sdk\\\\application/1510678481000"
# webtalk_add_data -client sdk -key LangUsed -value "C" -context "sdk\\\\application/1510678481000"
# webtalk_add_data -client sdk -key Procused -value "ps7_cortexa9" -context "sdk\\\\application/1510678481000"
# webtalk_add_data -client sdk -key projSize -value "261.87109375" -context "sdk\\\\application/1510678481000"
# webtalk_add_data -client sdk -key uid -value "NA" -context "sdk\\\\bsp/1510682308172"
# webtalk_add_data -client sdk -key RecordType -value "ToolUsage" -context "sdk\\\\bsp/1510682308172"
# webtalk_add_data -client sdk -key BootgenCount -value "0" -context "sdk\\\\bsp/1510682308172"
# webtalk_add_data -client sdk -key DebugCount -value "21" -context "sdk\\\\bsp/1510682308172"
# webtalk_add_data -client sdk -key PerfCount -value "0" -context "sdk\\\\bsp/1510682308172"
# webtalk_add_data -client sdk -key FlashCount -value "0" -context "sdk\\\\bsp/1510682308172"
# webtalk_add_data -client sdk -key CrossTriggCount -value "0" -context "sdk\\\\bsp/1510682308172"
# webtalk_add_data -client sdk -key QemuDebugCount -value "0" -context "sdk\\\\bsp/1510682308172"
# webtalk_transmit -clientid 1145309955 -regid "" -xml /home/rodolfo/workspaces/xsdk_tsp/webtalk/usage_statistics_ext_sdk.xml -html /home/rodolfo/workspaces/xsdk_tsp/webtalk/usage_statistics_ext_sdk.html -wdm /home/rodolfo/workspaces/xsdk_tsp/webtalk/sdk_webtalk.wdm -intro "<H3>SDK Usage Report</H3><BR>"
webtalk_transmit: Time (s): cpu = 00:00:00.13 ; elapsed = 00:00:05 . Memory (MB): peak = 219.797 ; gain = 0.000 ; free physical = 109478 ; free virtual = 120987
# webtalk_terminate
INFO: [Common 17-206] Exiting Webtalk at Tue Nov 14 15:58:34 2017...
